{"D:\\UTFSM\\9no Semestre\\Diseño de Aplicaciones Web y Móviles - TEL335\\Controles\\control5-Gaston-Quevedo\\src\\index.js": {"path":"D:\\UTFSM\\9no Semestre\\Diseño de Aplicaciones Web y Móviles - TEL335\\Controles\\control5-Gaston-Quevedo\\src\\index.js","statementMap":{"0":{"start":{"line":5,"column":12},"end":{"line":5,"column":21}},"1":{"start":{"line":6,"column":13},"end":{"line":6,"column":17}},"2":{"start":{"line":8,"column":0},"end":{"line":8,"column":58}},"3":{"start":{"line":9,"column":0},"end":{"line":9,"column":24}},"4":{"start":{"line":11,"column":15},"end":{"line":13,"column":2}},"5":{"start":{"line":12,"column":4},"end":{"line":12,"column":52}}},"fnMap":{"0":{"name":"(anonymous_0)","decl":{"start":{"line":11,"column":32},"end":{"line":11,"column":33}},"loc":{"start":{"line":11,"column":38},"end":{"line":13,"column":1}},"line":11}},"branchMap":{},"s":{"0":4,"1":4,"2":4,"3":4,"4":4,"5":1},"f":{"0":1},"b":{},"_coverageSchema":"1a1c01bbd47fc00a2c39e90264f33305004495a9","hash":"7246c3ad6a6273a998c6af78034f6dc330f99d31"}
,"D:\\UTFSM\\9no Semestre\\Diseño de Aplicaciones Web y Móviles - TEL335\\Controles\\control5-Gaston-Quevedo\\src\\actions\\movies\\movies.js": {"path":"D:\\UTFSM\\9no Semestre\\Diseño de Aplicaciones Web y Móviles - TEL335\\Controles\\control5-Gaston-Quevedo\\src\\actions\\movies\\movies.js","statementMap":{"0":{"start":{"line":3,"column":0},"end":{"line":5,"column":1}},"1":{"start":{"line":4,"column":4},"end":{"line":4,"column":21}},"2":{"start":{"line":7,"column":0},"end":{"line":15,"column":1}},"3":{"start":{"line":8,"column":18},"end":{"line":8,"column":39}},"4":{"start":{"line":9,"column":19},"end":{"line":9,"column":41}},"5":{"start":{"line":10,"column":27},"end":{"line":12,"column":5}},"6":{"start":{"line":11,"column":17},"end":{"line":11,"column":40}},"7":{"start":{"line":13,"column":4},"end":{"line":13,"column":73}},"8":{"start":{"line":13,"column":30},"end":{"line":13,"column":73}},"9":{"start":{"line":14,"column":4},"end":{"line":14,"column":25}},"10":{"start":{"line":17,"column":0},"end":{"line":36,"column":1}},"11":{"start":{"line":18,"column":26},"end":{"line":18,"column":56}},"12":{"start":{"line":19,"column":20},"end":{"line":19,"column":40}},"13":{"start":{"line":20,"column":19},"end":{"line":20,"column":41}},"14":{"start":{"line":22,"column":4},"end":{"line":22,"column":46}},"15":{"start":{"line":22,"column":40},"end":{"line":22,"column":46}},"16":{"start":{"line":24,"column":26},"end":{"line":33,"column":5}},"17":{"start":{"line":26,"column":25},"end":{"line":26,"column":43}},"18":{"start":{"line":27,"column":25},"end":{"line":27,"column":43}},"19":{"start":{"line":29,"column":25},"end":{"line":29,"column":79}},"20":{"start":{"line":30,"column":25},"end":{"line":30,"column":79}},"21":{"start":{"line":31,"column":10},"end":{"line":31,"column":46}},"22":{"start":{"line":35,"column":4},"end":{"line":35,"column":24}},"23":{"start":{"line":39,"column":4},"end":{"line":40,"column":69}},"24":{"start":{"line":39,"column":31},"end":{"line":39,"column":51}},"25":{"start":{"line":40,"column":9},"end":{"line":40,"column":69}},"26":{"start":{"line":40,"column":38},"end":{"line":40,"column":69}},"27":{"start":{"line":41,"column":4},"end":{"line":41,"column":20}},"28":{"start":{"line":45,"column":4},"end":{"line":46,"column":37}},"29":{"start":{"line":45,"column":25},"end":{"line":45,"column":34}},"30":{"start":{"line":46,"column":9},"end":{"line":46,"column":37}},"31":{"start":{"line":46,"column":29},"end":{"line":46,"column":37}},"32":{"start":{"line":47,"column":4},"end":{"line":47,"column":20}}},"fnMap":{"0":{"name":"(anonymous_0)","decl":{"start":{"line":3,"column":23},"end":{"line":3,"column":24}},"loc":{"start":{"line":3,"column":29},"end":{"line":5,"column":1}},"line":3},"1":{"name":"(anonymous_1)","decl":{"start":{"line":7,"column":26},"end":{"line":7,"column":27}},"loc":{"start":{"line":7,"column":36},"end":{"line":15,"column":1}},"line":7},"2":{"name":"(anonymous_2)","decl":{"start":{"line":11,"column":6},"end":{"line":11,"column":7}},"loc":{"start":{"line":11,"column":17},"end":{"line":11,"column":40}},"line":11},"3":{"name":"(anonymous_3)","decl":{"start":{"line":17,"column":32},"end":{"line":17,"column":33}},"loc":{"start":{"line":17,"column":55},"end":{"line":36,"column":1}},"line":17},"4":{"name":"(anonymous_4)","decl":{"start":{"line":25,"column":8},"end":{"line":25,"column":9}},"loc":{"start":{"line":25,"column":18},"end":{"line":32,"column":9}},"line":25},"5":{"name":"getClassifierParam","decl":{"start":{"line":38,"column":9},"end":{"line":38,"column":27}},"loc":{"start":{"line":38,"column":41},"end":{"line":42,"column":1}},"line":38},"6":{"name":"getOrderParam","decl":{"start":{"line":44,"column":9},"end":{"line":44,"column":22}},"loc":{"start":{"line":44,"column":31},"end":{"line":48,"column":1}},"line":44}},"branchMap":{"0":{"loc":{"start":{"line":13,"column":4},"end":{"line":13,"column":73}},"type":"if","locations":[{"start":{"line":13,"column":4},"end":{"line":13,"column":73}},{"start":{},"end":{}}],"line":13},"1":{"loc":{"start":{"line":22,"column":4},"end":{"line":22,"column":46}},"type":"if","locations":[{"start":{"line":22,"column":4},"end":{"line":22,"column":46}},{"start":{},"end":{}}],"line":22},"2":{"loc":{"start":{"line":22,"column":8},"end":{"line":22,"column":38}},"type":"binary-expr","locations":[{"start":{"line":22,"column":8},"end":{"line":22,"column":24}},{"start":{"line":22,"column":28},"end":{"line":22,"column":38}}],"line":22},"3":{"loc":{"start":{"line":29,"column":25},"end":{"line":29,"column":79}},"type":"cond-expr","locations":[{"start":{"line":29,"column":67},"end":{"line":29,"column":73}},{"start":{"line":29,"column":76},"end":{"line":29,"column":79}}],"line":29},"4":{"loc":{"start":{"line":29,"column":26},"end":{"line":29,"column":63}},"type":"binary-expr","locations":[{"start":{"line":29,"column":26},"end":{"line":29,"column":40}},{"start":{"line":29,"column":44},"end":{"line":29,"column":63}}],"line":29},"5":{"loc":{"start":{"line":30,"column":25},"end":{"line":30,"column":79}},"type":"cond-expr","locations":[{"start":{"line":30,"column":67},"end":{"line":30,"column":73}},{"start":{"line":30,"column":76},"end":{"line":30,"column":79}}],"line":30},"6":{"loc":{"start":{"line":30,"column":26},"end":{"line":30,"column":63}},"type":"binary-expr","locations":[{"start":{"line":30,"column":26},"end":{"line":30,"column":40}},{"start":{"line":30,"column":44},"end":{"line":30,"column":63}}],"line":30},"7":{"loc":{"start":{"line":39,"column":4},"end":{"line":40,"column":69}},"type":"if","locations":[{"start":{"line":39,"column":4},"end":{"line":40,"column":69}},{"start":{"line":40,"column":9},"end":{"line":40,"column":69}}],"line":39},"8":{"loc":{"start":{"line":40,"column":9},"end":{"line":40,"column":69}},"type":"if","locations":[{"start":{"line":40,"column":9},"end":{"line":40,"column":69}},{"start":{},"end":{}}],"line":40},"9":{"loc":{"start":{"line":45,"column":4},"end":{"line":46,"column":37}},"type":"if","locations":[{"start":{"line":45,"column":4},"end":{"line":46,"column":37}},{"start":{"line":46,"column":9},"end":{"line":46,"column":37}}],"line":45},"10":{"loc":{"start":{"line":46,"column":9},"end":{"line":46,"column":37}},"type":"if","locations":[{"start":{"line":46,"column":9},"end":{"line":46,"column":37}},{"start":{},"end":{}}],"line":46}},"s":{"0":4,"1":2,"2":4,"3":1,"4":1,"5":1,"6":3201,"7":1,"8":0,"9":1,"10":4,"11":0,"12":0,"13":0,"14":0,"15":0,"16":0,"17":0,"18":0,"19":0,"20":0,"21":0,"22":0,"23":0,"24":0,"25":0,"26":0,"27":0,"28":0,"29":0,"30":0,"31":0,"32":0},"f":{"0":2,"1":1,"2":3201,"3":0,"4":0,"5":0,"6":0},"b":{"0":[0,1],"1":[0,0],"2":[0,0],"3":[0,0],"4":[0,0],"5":[0,0],"6":[0,0],"7":[0,0],"8":[0,0],"9":[0,0],"10":[0,0]},"_coverageSchema":"1a1c01bbd47fc00a2c39e90264f33305004495a9","hash":"be17a4544702dde23db9b5fe5539afe4c7df86db"}
,"D:\\UTFSM\\9no Semestre\\Diseño de Aplicaciones Web y Móviles - TEL335\\Controles\\control5-Gaston-Quevedo\\src\\routes\\index.js": {"path":"D:\\UTFSM\\9no Semestre\\Diseño de Aplicaciones Web y Móviles - TEL335\\Controles\\control5-Gaston-Quevedo\\src\\routes\\index.js","statementMap":{"0":{"start":{"line":7,"column":15},"end":{"line":7,"column":27}},"1":{"start":{"line":9,"column":0},"end":{"line":9,"column":32}},"2":{"start":{"line":11,"column":0},"end":{"line":11,"column":39}},"3":{"start":{"line":12,"column":0},"end":{"line":12,"column":48}},"4":{"start":{"line":13,"column":0},"end":{"line":13,"column":74}}},"fnMap":{},"branchMap":{},"s":{"0":4,"1":4,"2":4,"3":4,"4":4},"f":{},"b":{},"_coverageSchema":"1a1c01bbd47fc00a2c39e90264f33305004495a9","hash":"c1ba761e445bc5190623584b1b67b62ff18a7768"}
,"D:\\UTFSM\\9no Semestre\\Diseño de Aplicaciones Web y Móviles - TEL335\\Controles\\control5-Gaston-Quevedo\\src\\routes\\health\\health.js": {"path":"D:\\UTFSM\\9no Semestre\\Diseño de Aplicaciones Web y Móviles - TEL335\\Controles\\control5-Gaston-Quevedo\\src\\routes\\health\\health.js","statementMap":{"0":{"start":{"line":2,"column":4},"end":{"line":2,"column":32}}},"fnMap":{"0":{"name":"getHealth","decl":{"start":{"line":1,"column":24},"end":{"line":1,"column":33}},"loc":{"start":{"line":1,"column":39},"end":{"line":3,"column":1}},"line":1}},"branchMap":{},"s":{"0":1},"f":{"0":1},"b":{},"_coverageSchema":"1a1c01bbd47fc00a2c39e90264f33305004495a9","hash":"67f8271e35b8c2e0eac4b04942e1711494ed2081"}
,"D:\\UTFSM\\9no Semestre\\Diseño de Aplicaciones Web y Móviles - TEL335\\Controles\\control5-Gaston-Quevedo\\src\\routes\\movies\\GETAllmovies.js": {"path":"D:\\UTFSM\\9no Semestre\\Diseño de Aplicaciones Web y Móviles - TEL335\\Controles\\control5-Gaston-Quevedo\\src\\routes\\movies\\GETAllmovies.js","statementMap":{"0":{"start":{"line":4,"column":0},"end":{"line":9,"column":1}},"1":{"start":{"line":5,"column":26},"end":{"line":5,"column":57}},"2":{"start":{"line":6,"column":4},"end":{"line":7,"column":36}},"3":{"start":{"line":6,"column":23},"end":{"line":6,"column":62}},"4":{"start":{"line":7,"column":9},"end":{"line":7,"column":36}},"5":{"start":{"line":8,"column":4},"end":{"line":8,"column":14}}},"fnMap":{"0":{"name":"(anonymous_0)","decl":{"start":{"line":4,"column":23},"end":{"line":4,"column":24}},"loc":{"start":{"line":4,"column":32},"end":{"line":9,"column":1}},"line":4}},"branchMap":{"0":{"loc":{"start":{"line":6,"column":4},"end":{"line":7,"column":36}},"type":"if","locations":[{"start":{"line":6,"column":4},"end":{"line":7,"column":36}},{"start":{"line":7,"column":9},"end":{"line":7,"column":36}}],"line":6}},"s":{"0":4,"1":2,"2":2,"3":2,"4":0,"5":2},"f":{"0":2},"b":{"0":[2,0]},"_coverageSchema":"1a1c01bbd47fc00a2c39e90264f33305004495a9","hash":"5064ffd85cc9a83caed80bedfbb5c954801c15ac"}
,"D:\\UTFSM\\9no Semestre\\Diseño de Aplicaciones Web y Móviles - TEL335\\Controles\\control5-Gaston-Quevedo\\src\\routes\\movies\\GETMoviesByClassifier.js": {"path":"D:\\UTFSM\\9no Semestre\\Diseño de Aplicaciones Web y Móviles - TEL335\\Controles\\control5-Gaston-Quevedo\\src\\routes\\movies\\GETMoviesByClassifier.js","statementMap":{"0":{"start":{"line":4,"column":0},"end":{"line":9,"column":1}},"1":{"start":{"line":5,"column":23},"end":{"line":5,"column":102}},"2":{"start":{"line":6,"column":4},"end":{"line":7,"column":36}},"3":{"start":{"line":6,"column":20},"end":{"line":6,"column":56}},"4":{"start":{"line":7,"column":9},"end":{"line":7,"column":36}},"5":{"start":{"line":8,"column":4},"end":{"line":8,"column":14}}},"fnMap":{"0":{"name":"(anonymous_0)","decl":{"start":{"line":4,"column":32},"end":{"line":4,"column":33}},"loc":{"start":{"line":4,"column":41},"end":{"line":9,"column":1}},"line":4}},"branchMap":{"0":{"loc":{"start":{"line":6,"column":4},"end":{"line":7,"column":36}},"type":"if","locations":[{"start":{"line":6,"column":4},"end":{"line":7,"column":36}},{"start":{"line":7,"column":9},"end":{"line":7,"column":36}}],"line":6}},"s":{"0":4,"1":1,"2":1,"3":1,"4":0,"5":1},"f":{"0":1},"b":{"0":[1,0]},"_coverageSchema":"1a1c01bbd47fc00a2c39e90264f33305004495a9","hash":"0dd0ea8d28978a414f71166ea8ae9be608ca672d"}
,"D:\\UTFSM\\9no Semestre\\Diseño de Aplicaciones Web y Móviles - TEL335\\Controles\\control5-Gaston-Quevedo\\src\\routes\\movies\\GETMoviesByName.js": {"path":"D:\\UTFSM\\9no Semestre\\Diseño de Aplicaciones Web y Móviles - TEL335\\Controles\\control5-Gaston-Quevedo\\src\\routes\\movies\\GETMoviesByName.js","statementMap":{"0":{"start":{"line":4,"column":0},"end":{"line":9,"column":1}},"1":{"start":{"line":5,"column":23},"end":{"line":5,"column":72}},"2":{"start":{"line":6,"column":4},"end":{"line":7,"column":36}},"3":{"start":{"line":6,"column":20},"end":{"line":6,"column":56}},"4":{"start":{"line":7,"column":9},"end":{"line":7,"column":36}},"5":{"start":{"line":8,"column":4},"end":{"line":8,"column":14}}},"fnMap":{"0":{"name":"(anonymous_0)","decl":{"start":{"line":4,"column":26},"end":{"line":4,"column":27}},"loc":{"start":{"line":4,"column":35},"end":{"line":9,"column":1}},"line":4}},"branchMap":{"0":{"loc":{"start":{"line":6,"column":4},"end":{"line":7,"column":36}},"type":"if","locations":[{"start":{"line":6,"column":4},"end":{"line":7,"column":36}},{"start":{"line":7,"column":9},"end":{"line":7,"column":36}}],"line":6}},"s":{"0":4,"1":2,"2":2,"3":2,"4":0,"5":2},"f":{"0":2},"b":{"0":[2,0]},"_coverageSchema":"1a1c01bbd47fc00a2c39e90264f33305004495a9","hash":"2d08f7d8f215c9dc57946cfa97db25ac6e75ecf6"}
,"D:\\UTFSM\\9no Semestre\\Diseño de Aplicaciones Web y Móviles - TEL335\\Controles\\control5-Gaston-Quevedo\\src\\utils\\responseBuilder.js": {"path":"D:\\UTFSM\\9no Semestre\\Diseño de Aplicaciones Web y Móviles - TEL335\\Controles\\control5-Gaston-Quevedo\\src\\utils\\responseBuilder.js","statementMap":{"0":{"start":{"line":1,"column":0},"end":{"line":5,"column":1}},"1":{"start":{"line":2,"column":4},"end":{"line":2,"column":19}},"2":{"start":{"line":3,"column":4},"end":{"line":3,"column":20}},"3":{"start":{"line":4,"column":4},"end":{"line":4,"column":14}},"4":{"start":{"line":7,"column":0},"end":{"line":11,"column":1}},"5":{"start":{"line":8,"column":4},"end":{"line":8,"column":81}},"6":{"start":{"line":9,"column":4},"end":{"line":9,"column":20}},"7":{"start":{"line":10,"column":4},"end":{"line":10,"column":14}}},"fnMap":{"0":{"name":"(anonymous_0)","decl":{"start":{"line":1,"column":24},"end":{"line":1,"column":25}},"loc":{"start":{"line":1,"column":39},"end":{"line":5,"column":1}},"line":1},"1":{"name":"(anonymous_1)","decl":{"start":{"line":7,"column":27},"end":{"line":7,"column":28}},"loc":{"start":{"line":7,"column":36},"end":{"line":11,"column":1}},"line":7}},"branchMap":{},"s":{"0":4,"1":5,"2":5,"3":5,"4":4,"5":0,"6":0,"7":0},"f":{"0":5,"1":0},"b":{},"_coverageSchema":"1a1c01bbd47fc00a2c39e90264f33305004495a9","hash":"c3fc3038b01a1cddd6272302255067ebca7ed93b"}
}
