{"/Users/pumba/Desktop/TEL335/control5-Lucas-Navarro/src/index.js": {"path":"/Users/pumba/Desktop/TEL335/control5-Lucas-Navarro/src/index.js","statementMap":{"0":{"start":{"line":5,"column":12},"end":{"line":5,"column":21}},"1":{"start":{"line":6,"column":13},"end":{"line":6,"column":17}},"2":{"start":{"line":8,"column":0},"end":{"line":8,"column":58}},"3":{"start":{"line":9,"column":0},"end":{"line":9,"column":24}},"4":{"start":{"line":11,"column":15},"end":{"line":13,"column":2}},"5":{"start":{"line":12,"column":4},"end":{"line":12,"column":52}}},"fnMap":{"0":{"name":"(anonymous_0)","decl":{"start":{"line":11,"column":32},"end":{"line":11,"column":33}},"loc":{"start":{"line":11,"column":38},"end":{"line":13,"column":1}},"line":11}},"branchMap":{},"s":{"0":3,"1":3,"2":3,"3":3,"4":3,"5":1},"f":{"0":1},"b":{},"_coverageSchema":"1a1c01bbd47fc00a2c39e90264f33305004495a9","hash":"2d2356dfb47fc255173f50b5b975f1fd68947b66"}
,"/Users/pumba/Desktop/TEL335/control5-Lucas-Navarro/src/actions/movies/movies.js": {"path":"/Users/pumba/Desktop/TEL335/control5-Lucas-Navarro/src/actions/movies/movies.js","statementMap":{"0":{"start":{"line":3,"column":0},"end":{"line":5,"column":1}},"1":{"start":{"line":4,"column":4},"end":{"line":4,"column":21}},"2":{"start":{"line":7,"column":0},"end":{"line":14,"column":1}},"3":{"start":{"line":8,"column":18},"end":{"line":8,"column":39}},"4":{"start":{"line":9,"column":19},"end":{"line":9,"column":41}},"5":{"start":{"line":10,"column":27},"end":{"line":12,"column":5}},"6":{"start":{"line":11,"column":17},"end":{"line":11,"column":40}},"7":{"start":{"line":13,"column":4},"end":{"line":13,"column":25}},"8":{"start":{"line":16,"column":0},"end":{"line":35,"column":1}},"9":{"start":{"line":17,"column":26},"end":{"line":17,"column":56}},"10":{"start":{"line":18,"column":20},"end":{"line":18,"column":40}},"11":{"start":{"line":19,"column":19},"end":{"line":19,"column":41}},"12":{"start":{"line":21,"column":4},"end":{"line":21,"column":46}},"13":{"start":{"line":21,"column":40},"end":{"line":21,"column":46}},"14":{"start":{"line":23,"column":26},"end":{"line":32,"column":5}},"15":{"start":{"line":25,"column":25},"end":{"line":25,"column":43}},"16":{"start":{"line":26,"column":25},"end":{"line":26,"column":43}},"17":{"start":{"line":28,"column":25},"end":{"line":28,"column":79}},"18":{"start":{"line":29,"column":25},"end":{"line":29,"column":79}},"19":{"start":{"line":30,"column":10},"end":{"line":30,"column":46}},"20":{"start":{"line":34,"column":4},"end":{"line":34,"column":24}},"21":{"start":{"line":38,"column":4},"end":{"line":39,"column":69}},"22":{"start":{"line":38,"column":31},"end":{"line":38,"column":51}},"23":{"start":{"line":39,"column":9},"end":{"line":39,"column":69}},"24":{"start":{"line":39,"column":38},"end":{"line":39,"column":69}},"25":{"start":{"line":40,"column":4},"end":{"line":40,"column":20}},"26":{"start":{"line":44,"column":4},"end":{"line":45,"column":37}},"27":{"start":{"line":44,"column":25},"end":{"line":44,"column":34}},"28":{"start":{"line":45,"column":9},"end":{"line":45,"column":37}},"29":{"start":{"line":45,"column":29},"end":{"line":45,"column":37}},"30":{"start":{"line":46,"column":4},"end":{"line":46,"column":20}}},"fnMap":{"0":{"name":"(anonymous_0)","decl":{"start":{"line":3,"column":23},"end":{"line":3,"column":24}},"loc":{"start":{"line":3,"column":29},"end":{"line":5,"column":1}},"line":3},"1":{"name":"(anonymous_1)","decl":{"start":{"line":7,"column":26},"end":{"line":7,"column":27}},"loc":{"start":{"line":7,"column":36},"end":{"line":14,"column":1}},"line":7},"2":{"name":"(anonymous_2)","decl":{"start":{"line":11,"column":6},"end":{"line":11,"column":7}},"loc":{"start":{"line":11,"column":17},"end":{"line":11,"column":40}},"line":11},"3":{"name":"(anonymous_3)","decl":{"start":{"line":16,"column":32},"end":{"line":16,"column":33}},"loc":{"start":{"line":16,"column":55},"end":{"line":35,"column":1}},"line":16},"4":{"name":"(anonymous_4)","decl":{"start":{"line":24,"column":8},"end":{"line":24,"column":9}},"loc":{"start":{"line":24,"column":18},"end":{"line":31,"column":9}},"line":24},"5":{"name":"getClassifierParam","decl":{"start":{"line":37,"column":9},"end":{"line":37,"column":27}},"loc":{"start":{"line":37,"column":41},"end":{"line":41,"column":1}},"line":37},"6":{"name":"getOrderParam","decl":{"start":{"line":43,"column":9},"end":{"line":43,"column":22}},"loc":{"start":{"line":43,"column":31},"end":{"line":47,"column":1}},"line":43}},"branchMap":{"0":{"loc":{"start":{"line":21,"column":4},"end":{"line":21,"column":46}},"type":"if","locations":[{"start":{"line":21,"column":4},"end":{"line":21,"column":46}},{"start":{},"end":{}}],"line":21},"1":{"loc":{"start":{"line":21,"column":8},"end":{"line":21,"column":38}},"type":"binary-expr","locations":[{"start":{"line":21,"column":8},"end":{"line":21,"column":24}},{"start":{"line":21,"column":28},"end":{"line":21,"column":38}}],"line":21},"2":{"loc":{"start":{"line":28,"column":25},"end":{"line":28,"column":79}},"type":"cond-expr","locations":[{"start":{"line":28,"column":67},"end":{"line":28,"column":73}},{"start":{"line":28,"column":76},"end":{"line":28,"column":79}}],"line":28},"3":{"loc":{"start":{"line":28,"column":26},"end":{"line":28,"column":63}},"type":"binary-expr","locations":[{"start":{"line":28,"column":26},"end":{"line":28,"column":40}},{"start":{"line":28,"column":44},"end":{"line":28,"column":63}}],"line":28},"4":{"loc":{"start":{"line":29,"column":25},"end":{"line":29,"column":79}},"type":"cond-expr","locations":[{"start":{"line":29,"column":67},"end":{"line":29,"column":73}},{"start":{"line":29,"column":76},"end":{"line":29,"column":79}}],"line":29},"5":{"loc":{"start":{"line":29,"column":26},"end":{"line":29,"column":63}},"type":"binary-expr","locations":[{"start":{"line":29,"column":26},"end":{"line":29,"column":40}},{"start":{"line":29,"column":44},"end":{"line":29,"column":63}}],"line":29},"6":{"loc":{"start":{"line":38,"column":4},"end":{"line":39,"column":69}},"type":"if","locations":[{"start":{"line":38,"column":4},"end":{"line":39,"column":69}},{"start":{"line":39,"column":9},"end":{"line":39,"column":69}}],"line":38},"7":{"loc":{"start":{"line":39,"column":9},"end":{"line":39,"column":69}},"type":"if","locations":[{"start":{"line":39,"column":9},"end":{"line":39,"column":69}},{"start":{},"end":{}}],"line":39},"8":{"loc":{"start":{"line":44,"column":4},"end":{"line":45,"column":37}},"type":"if","locations":[{"start":{"line":44,"column":4},"end":{"line":45,"column":37}},{"start":{"line":45,"column":9},"end":{"line":45,"column":37}}],"line":44},"9":{"loc":{"start":{"line":45,"column":9},"end":{"line":45,"column":37}},"type":"if","locations":[{"start":{"line":45,"column":9},"end":{"line":45,"column":37}},{"start":{},"end":{}}],"line":45}},"s":{"0":3,"1":20,"2":3,"3":4,"4":4,"5":4,"6":12804,"7":4,"8":3,"9":14,"10":14,"11":14,"12":14,"13":4,"14":10,"15":119671,"16":119671,"17":119671,"18":119671,"19":119671,"20":10,"21":14,"22":7,"23":7,"24":5,"25":2,"26":14,"27":5,"28":9,"29":7,"30":2},"f":{"0":20,"1":4,"2":12804,"3":14,"4":119671,"5":14,"6":14},"b":{"0":[4,10],"1":[14,12],"2":[107323,12348],"3":[119671,107323],"4":[112374,7297],"5":[119671,112374],"6":[7,7],"7":[5,2],"8":[5,9],"9":[7,2]},"_coverageSchema":"1a1c01bbd47fc00a2c39e90264f33305004495a9","hash":"a3ee6c1e4355d3f78f38199904bc674d5eefded3"}
,"/Users/pumba/Desktop/TEL335/control5-Lucas-Navarro/src/routes/index.js": {"path":"/Users/pumba/Desktop/TEL335/control5-Lucas-Navarro/src/routes/index.js","statementMap":{"0":{"start":{"line":7,"column":15},"end":{"line":7,"column":27}},"1":{"start":{"line":9,"column":0},"end":{"line":9,"column":32}},"2":{"start":{"line":11,"column":0},"end":{"line":11,"column":39}},"3":{"start":{"line":12,"column":0},"end":{"line":12,"column":48}},"4":{"start":{"line":13,"column":0},"end":{"line":13,"column":74}}},"fnMap":{},"branchMap":{},"s":{"0":3,"1":3,"2":3,"3":3,"4":3},"f":{},"b":{},"_coverageSchema":"1a1c01bbd47fc00a2c39e90264f33305004495a9","hash":"58f72fb33d4adcd1e49773819441730c2edd5234"}
,"/Users/pumba/Desktop/TEL335/control5-Lucas-Navarro/src/routes/health/health.js": {"path":"/Users/pumba/Desktop/TEL335/control5-Lucas-Navarro/src/routes/health/health.js","statementMap":{"0":{"start":{"line":2,"column":4},"end":{"line":2,"column":32}}},"fnMap":{"0":{"name":"getHealth","decl":{"start":{"line":1,"column":24},"end":{"line":1,"column":33}},"loc":{"start":{"line":1,"column":39},"end":{"line":3,"column":1}},"line":1}},"branchMap":{},"s":{"0":1},"f":{"0":1},"b":{},"_coverageSchema":"1a1c01bbd47fc00a2c39e90264f33305004495a9","hash":"7e1e39415fa58c9ed417768cfef256f812a3f25a"}
,"/Users/pumba/Desktop/TEL335/control5-Lucas-Navarro/src/routes/movies/GETAllmovies.js": {"path":"/Users/pumba/Desktop/TEL335/control5-Lucas-Navarro/src/routes/movies/GETAllmovies.js","statementMap":{"0":{"start":{"line":4,"column":0},"end":{"line":9,"column":1}},"1":{"start":{"line":5,"column":26},"end":{"line":5,"column":57}},"2":{"start":{"line":6,"column":4},"end":{"line":7,"column":36}},"3":{"start":{"line":6,"column":23},"end":{"line":6,"column":62}},"4":{"start":{"line":7,"column":9},"end":{"line":7,"column":36}},"5":{"start":{"line":8,"column":4},"end":{"line":8,"column":14}}},"fnMap":{"0":{"name":"(anonymous_0)","decl":{"start":{"line":4,"column":23},"end":{"line":4,"column":24}},"loc":{"start":{"line":4,"column":32},"end":{"line":9,"column":1}},"line":4}},"branchMap":{"0":{"loc":{"start":{"line":6,"column":4},"end":{"line":7,"column":36}},"type":"if","locations":[{"start":{"line":6,"column":4},"end":{"line":7,"column":36}},{"start":{"line":7,"column":9},"end":{"line":7,"column":36}}],"line":6}},"s":{"0":3,"1":3,"2":3,"3":2,"4":1,"5":3},"f":{"0":3},"b":{"0":[2,1]},"_coverageSchema":"1a1c01bbd47fc00a2c39e90264f33305004495a9","hash":"7b574234be7d30bf7e94b79291d23c55efd8243f"}
,"/Users/pumba/Desktop/TEL335/control5-Lucas-Navarro/src/routes/movies/GETMoviesByClassifier.js": {"path":"/Users/pumba/Desktop/TEL335/control5-Lucas-Navarro/src/routes/movies/GETMoviesByClassifier.js","statementMap":{"0":{"start":{"line":4,"column":0},"end":{"line":9,"column":1}},"1":{"start":{"line":5,"column":23},"end":{"line":5,"column":102}},"2":{"start":{"line":6,"column":4},"end":{"line":7,"column":36}},"3":{"start":{"line":6,"column":20},"end":{"line":6,"column":56}},"4":{"start":{"line":7,"column":9},"end":{"line":7,"column":36}},"5":{"start":{"line":8,"column":4},"end":{"line":8,"column":14}}},"fnMap":{"0":{"name":"(anonymous_0)","decl":{"start":{"line":4,"column":32},"end":{"line":4,"column":33}},"loc":{"start":{"line":4,"column":41},"end":{"line":9,"column":1}},"line":4}},"branchMap":{"0":{"loc":{"start":{"line":6,"column":4},"end":{"line":7,"column":36}},"type":"if","locations":[{"start":{"line":6,"column":4},"end":{"line":7,"column":36}},{"start":{"line":7,"column":9},"end":{"line":7,"column":36}}],"line":6}},"s":{"0":3,"1":9,"2":9,"3":5,"4":4,"5":9},"f":{"0":9},"b":{"0":[5,4]},"_coverageSchema":"1a1c01bbd47fc00a2c39e90264f33305004495a9","hash":"7dba41fa19e8da0226f1f89bd9aa1e06fe53ac53"}
,"/Users/pumba/Desktop/TEL335/control5-Lucas-Navarro/src/routes/movies/GETMoviesByName.js": {"path":"/Users/pumba/Desktop/TEL335/control5-Lucas-Navarro/src/routes/movies/GETMoviesByName.js","statementMap":{"0":{"start":{"line":4,"column":0},"end":{"line":9,"column":1}},"1":{"start":{"line":5,"column":23},"end":{"line":5,"column":72}},"2":{"start":{"line":6,"column":4},"end":{"line":7,"column":40}},"3":{"start":{"line":6,"column":20},"end":{"line":6,"column":56}},"4":{"start":{"line":7,"column":9},"end":{"line":7,"column":40}},"5":{"start":{"line":8,"column":4},"end":{"line":8,"column":14}}},"fnMap":{"0":{"name":"(anonymous_0)","decl":{"start":{"line":4,"column":26},"end":{"line":4,"column":27}},"loc":{"start":{"line":4,"column":35},"end":{"line":9,"column":1}},"line":4}},"branchMap":{"0":{"loc":{"start":{"line":6,"column":4},"end":{"line":7,"column":40}},"type":"if","locations":[{"start":{"line":6,"column":4},"end":{"line":7,"column":40}},{"start":{"line":7,"column":9},"end":{"line":7,"column":40}}],"line":6}},"s":{"0":3,"1":4,"2":4,"3":4,"4":0,"5":4},"f":{"0":4},"b":{"0":[4,0]},"_coverageSchema":"1a1c01bbd47fc00a2c39e90264f33305004495a9","hash":"dd5743f56061274db9825e9040c1f0ecf1b71719"}
,"/Users/pumba/Desktop/TEL335/control5-Lucas-Navarro/src/utils/responseBuilder.js": {"path":"/Users/pumba/Desktop/TEL335/control5-Lucas-Navarro/src/utils/responseBuilder.js","statementMap":{"0":{"start":{"line":1,"column":0},"end":{"line":5,"column":1}},"1":{"start":{"line":2,"column":4},"end":{"line":2,"column":19}},"2":{"start":{"line":3,"column":4},"end":{"line":3,"column":20}},"3":{"start":{"line":4,"column":4},"end":{"line":4,"column":14}},"4":{"start":{"line":7,"column":0},"end":{"line":11,"column":1}},"5":{"start":{"line":8,"column":4},"end":{"line":8,"column":81}},"6":{"start":{"line":9,"column":4},"end":{"line":9,"column":20}},"7":{"start":{"line":10,"column":4},"end":{"line":10,"column":14}},"8":{"start":{"line":13,"column":0},"end":{"line":17,"column":1}},"9":{"start":{"line":14,"column":4},"end":{"line":14,"column":77}},"10":{"start":{"line":15,"column":4},"end":{"line":15,"column":20}},"11":{"start":{"line":16,"column":4},"end":{"line":16,"column":14}}},"fnMap":{"0":{"name":"(anonymous_0)","decl":{"start":{"line":1,"column":24},"end":{"line":1,"column":25}},"loc":{"start":{"line":1,"column":39},"end":{"line":5,"column":1}},"line":1},"1":{"name":"(anonymous_1)","decl":{"start":{"line":7,"column":27},"end":{"line":7,"column":28}},"loc":{"start":{"line":7,"column":36},"end":{"line":11,"column":1}},"line":7},"2":{"name":"(anonymous_2)","decl":{"start":{"line":13,"column":31},"end":{"line":13,"column":32}},"loc":{"start":{"line":13,"column":40},"end":{"line":17,"column":1}},"line":13}},"branchMap":{},"s":{"0":3,"1":11,"2":11,"3":11,"4":3,"5":5,"6":5,"7":5,"8":3,"9":0,"10":0,"11":0},"f":{"0":11,"1":5,"2":0},"b":{},"_coverageSchema":"1a1c01bbd47fc00a2c39e90264f33305004495a9","hash":"e53f8c463b8a201d813040133a3d0c7ae4ffdce8"}
}
