TN:
SF:src\index.js
FN:11,(anonymous_0)
FNF:1
FNH:1
FNDA:1,(anonymous_0)
DA:5,4
DA:6,4
DA:8,4
DA:9,4
DA:11,4
DA:12,1
LF:6
LH:6
BRF:0
BRH:0
end_of_record
TN:
SF:src\actions\movies\movies.js
FN:3,(anonymous_0)
FN:7,(anonymous_1)
FN:11,(anonymous_2)
FN:16,(anonymous_3)
FN:24,(anonymous_4)
FN:37,getClassifierParam
FN:43,getOrderParam
FNF:7
FNH:6
FNDA:4,(anonymous_0)
FNDA:2,(anonymous_1)
FNDA:6402,(anonymous_2)
FNDA:2,(anonymous_3)
FNDA:0,(anonymous_4)
FNDA:2,getClassifierParam
FNDA:2,getOrderParam
DA:3,4
DA:4,4
DA:7,4
DA:8,2
DA:9,2
DA:10,2
DA:11,6402
DA:13,2
DA:16,4
DA:17,2
DA:18,2
DA:19,2
DA:21,2
DA:23,0
DA:25,0
DA:26,0
DA:28,0
DA:29,0
DA:30,0
DA:34,0
DA:38,2
DA:39,1
DA:40,1
DA:44,2
DA:45,1
DA:46,1
LF:26
LH:19
BRDA:21,0,0,2
BRDA:21,0,1,0
BRDA:21,1,0,2
BRDA:21,1,1,1
BRDA:28,2,0,0
BRDA:28,2,1,0
BRDA:28,3,0,0
BRDA:28,3,1,0
BRDA:29,4,0,0
BRDA:29,4,1,0
BRDA:29,5,0,0
BRDA:29,5,1,0
BRDA:38,6,0,1
BRDA:38,6,1,1
BRDA:39,7,0,0
BRDA:39,7,1,1
BRDA:44,8,0,1
BRDA:44,8,1,1
BRDA:45,9,0,0
BRDA:45,9,1,1
BRF:20
BRH:9
end_of_record
TN:
SF:src\routes\index.js
FNF:0
FNH:0
DA:7,4
DA:9,4
DA:11,4
DA:12,4
DA:13,4
LF:5
LH:5
BRF:0
BRH:0
end_of_record
TN:
SF:src\routes\health\health.js
FN:1,getHealth
FNF:1
FNH:1
FNDA:1,getHealth
DA:2,1
LF:1
LH:1
BRF:0
BRH:0
end_of_record
TN:
SF:src\routes\movies\GETAllmovies.js
FN:4,(anonymous_0)
FNF:1
FNH:1
FNDA:1,(anonymous_0)
DA:4,4
DA:5,1
DA:7,1
DA:8,0
DA:9,1
LF:5
LH:4
BRDA:7,0,0,1
BRDA:7,0,1,0
BRF:2
BRH:1
end_of_record
TN:
SF:src\routes\movies\GETMoviesByClassifier.js
FN:4,(anonymous_0)
FNF:1
FNH:1
FNDA:2,(anonymous_0)
DA:4,4
DA:5,2
DA:6,2
DA:7,2
DA:8,2
LF:5
LH:5
BRDA:6,0,0,0
BRDA:6,0,1,2
BRF:2
BRH:1
end_of_record
TN:
SF:src\routes\movies\GETMoviesByName.js
FN:4,(anonymous_0)
FNF:1
FNH:1
FNDA:2,(anonymous_0)
DA:4,4
DA:5,2
DA:6,2
DA:7,1
DA:9,1
DA:11,2
LF:6
LH:6
BRDA:6,0,0,1
BRDA:6,0,1,1
BRDA:6,1,0,2
BRDA:6,1,1,2
BRDA:9,2,0,1
BRDA:9,2,1,0
BRF:6
BRH:5
end_of_record
TN:
SF:src\utils\responseBuilder.js
FN:1,(anonymous_0)
FN:7,(anonymous_1)
FN:13,(anonymous_2)
FNF:3
FNH:3
FNDA:2,(anonymous_0)
FNDA:2,(anonymous_1)
FNDA:1,(anonymous_2)
DA:1,4
DA:2,2
DA:3,2
DA:4,2
DA:7,4
DA:8,2
DA:9,2
DA:10,2
DA:13,4
DA:14,1
DA:15,1
DA:16,1
LF:12
LH:12
BRF:0
BRH:0
end_of_record
