TN:
SF:src/index.js
FN:11,(anonymous_0)
FNF:1
FNH:1
FNDA:1,(anonymous_0)
DA:5,1
DA:6,1
DA:8,1
DA:9,1
DA:11,1
DA:12,1
LF:6
LH:6
BRF:0
BRH:0
end_of_record
TN:
SF:src/actions/movies/movies.js
FN:3,(anonymous_0)
FN:7,(anonymous_1)
FN:11,(anonymous_2)
FN:16,(anonymous_3)
FN:24,(anonymous_4)
FN:37,getClassifierParam
FN:43,getOrderParam
FNF:7
FNH:7
FNDA:5,(anonymous_0)
FNDA:2,(anonymous_1)
FNDA:6402,(anonymous_2)
FNDA:2,(anonymous_3)
FNDA:56105,(anonymous_4)
FNDA:2,getClassifierParam
FNDA:2,getOrderParam
DA:3,1
DA:4,5
DA:7,1
DA:8,2
DA:9,2
DA:10,2
DA:11,6402
DA:13,2
DA:16,1
DA:17,2
DA:18,2
DA:19,2
DA:21,2
DA:23,2
DA:25,56105
DA:26,56105
DA:28,56105
DA:29,56105
DA:30,56105
DA:34,2
DA:38,2
DA:39,1
DA:40,0
DA:44,2
DA:45,0
DA:46,0
LF:26
LH:23
BRDA:21,0,0,0
BRDA:21,0,1,2
BRDA:21,1,0,2
BRDA:21,1,1,2
BRDA:28,2,0,51213
BRDA:28,2,1,4892
BRDA:28,3,0,56105
BRDA:28,3,1,51213
BRDA:29,4,0,49979
BRDA:29,4,1,6126
BRDA:29,5,0,56105
BRDA:29,5,1,49979
BRDA:38,6,0,1
BRDA:38,6,1,1
BRDA:39,7,0,1
BRDA:39,7,1,0
BRDA:44,8,0,2
BRDA:44,8,1,0
BRDA:45,9,0,0
BRDA:45,9,1,0
BRF:20
BRH:15
end_of_record
TN:
SF:src/routes/index.js
FNF:0
FNH:0
DA:7,1
DA:11,1
DA:12,1
DA:13,1
LF:4
LH:4
BRF:0
BRH:0
end_of_record
TN:
SF:src/routes/movies/GETAllmovies.js
FN:4,(anonymous_0)
FNF:1
FNH:1
FNDA:1,(anonymous_0)
DA:4,1
DA:5,1
DA:6,1
DA:7,0
DA:8,1
LF:5
LH:4
BRDA:6,0,0,1
BRDA:6,0,1,0
BRF:2
BRH:1
end_of_record
TN:
SF:src/routes/movies/GETMoviesByClassifier.js
FN:4,(anonymous_0)
FNF:1
FNH:1
FNDA:2,(anonymous_0)
DA:4,1
DA:5,2
DA:6,2
DA:7,0
DA:8,2
LF:5
LH:4
BRDA:6,0,0,2
BRDA:6,0,1,0
BRF:2
BRH:1
end_of_record
TN:
SF:src/routes/movies/GETMoviesByName.js
FN:4,(anonymous_0)
FNF:1
FNH:1
FNDA:2,(anonymous_0)
DA:4,1
DA:5,2
DA:6,2
DA:7,0
DA:8,2
LF:5
LH:4
BRDA:6,0,0,2
BRDA:6,0,1,0
BRF:2
BRH:1
end_of_record
TN:
SF:src/utils/responseBuilder.js
FN:1,(anonymous_0)
FN:7,(anonymous_1)
FNF:2
FNH:1
FNDA:5,(anonymous_0)
FNDA:0,(anonymous_1)
DA:1,1
DA:2,5
DA:3,5
DA:4,5
DA:7,1
DA:8,0
DA:9,0
DA:10,0
LF:8
LH:5
BRF:0
BRH:0
end_of_record
